<?xml version="1.0" encoding="UTF-8"?>
<!-- Generated by org.testng.reporters.JUnitReportReporter -->
<testsuite hostname="DESKTOP-L4853CI" failures="0" tests="3" name="api.test.DataDrivenTest" time="4.879" errors="0" timestamp="2025-07-17T14:52:54 BDT" skipped="0">
  <testcase classname="api.test.DataDrivenTest" name="testCreateUsers" time="1.255"/>
  <testcase classname="api.test.DataDrivenTest" name="testCreateUsers" time="2.444"/>
  <testcase classname="api.test.DataDrivenTest" name="testCreateUsers" time="1.180"/>
</testsuite> <!-- api.test.DataDrivenTest -->
